<?xml version="1.0" encoding="UTF-8"?>
<testng-results ignored="0" total="1" passed="1" failed="0" skipped="0">
  <reporter-output>
    <line>
      <![CDATA[TC1 is pass]]>
    </line>
  </reporter-output>
  <suite started-at="2023-01-16T15:00:19 IST" name="Default suite" finished-at="2023-01-16T15:01:15 IST" duration-ms="56667">
    <groups>
    </groups>
    <test started-at="2023-01-16T15:00:19 IST" name="Default test" finished-at="2023-01-16T15:01:15 IST" duration-ms="56667">
      <class name="loginModul.LoginTest">
        <test-method is-config="true" signature="initialisebrowser()[pri:0, instance:loginModul.LoginTest@5e0826e7]" started-at="2023-01-16T15:00:19 IST" name="initialisebrowser" finished-at="2023-01-16T15:00:32 IST" duration-ms="13784" status="PASS">
          <reporter-output>
          </reporter-output>
        </test-method> <!-- initialisebrowser -->
        <test-method is-config="true" signature="login()[pri:0, instance:loginModul.LoginTest@5e0826e7]" started-at="2023-01-16T15:00:32 IST" name="login" finished-at="2023-01-16T15:01:15 IST" duration-ms="42771" status="PASS">
          <reporter-output>
          </reporter-output>
        </test-method> <!-- login -->
        <test-method signature="TC1()[pri:0, instance:loginModul.LoginTest@5e0826e7]" started-at="2023-01-16T15:01:15 IST" name="TC1" finished-at="2023-01-16T15:01:15 IST" duration-ms="47" status="PASS">
          <reporter-output>
            <line>
              <![CDATA[TC1 is pass]]>
            </line>
          </reporter-output>
        </test-method> <!-- TC1 -->
      </class> <!-- loginModul.LoginTest -->
    </test> <!-- Default test -->
  </suite> <!-- Default suite -->
</testng-results>
